2025-08-18 11:16:05,308 - dashboard_app - logger_setup:setup_logger:43 - INFO - 服务启动，日志存储目录：Logger/20250818_111605
2025-08-18 11:16:05,423 - dashboard_app - cache_manager:_load_offline_cache:28 - INFO - 成功加载离线缓存，包含 1 个文件缓存
2025-08-18 11:16:15,573 - dashboard_app - app:_load_data:57 - INFO - 从离线缓存加载文件: all_sequence_HLX14B178R0001811_merged.csv
2025-08-18 11:16:28,215 - dashboard_app - navigation_knowledge_graph:process_data:46 - ERROR - 构建知识图谱失败: Expecting property name enclosed in double quotes: line 1 column 43 (char 42)
Traceback (most recent call last):
  File "/Users/lichen18/Documents/Project/demo/modules/navigation_knowledge_graph.py", line 40, in process_data
    self.visualization_buf = self.kg.generate_visualization()
  File "/Users/lichen18/Documents/Project/demo/Handle_csv/scenario/navigation/knowledge_graph.py", line 272, in generate_visualization
    net.set_options("""
  File "/Users/lichen18/miniforge3/envs/ic/lib/python3.9/site-packages/pyvis/network.py", line 1006, in set_options
    self.options = self.options.set(options)
  File "/Users/lichen18/miniforge3/envs/ic/lib/python3.9/site-packages/pyvis/options.py", line 224, in set
    options = json.loads(options)
  File "/Users/lichen18/miniforge3/envs/ic/lib/python3.9/json/__init__.py", line 346, in loads
    return _default_decoder.decode(s)
  File "/Users/lichen18/miniforge3/envs/ic/lib/python3.9/json/decoder.py", line 337, in decode
    obj, end = self.raw_decode(s, idx=_w(s, 0).end())
  File "/Users/lichen18/miniforge3/envs/ic/lib/python3.9/json/decoder.py", line 353, in raw_decode
    obj, end = self.scan_once(s, idx)
json.decoder.JSONDecodeError: Expecting property name enclosed in double quotes: line 1 column 43 (char 42)
2025-08-18 11:16:28,699 - dashboard_app - navigation_knowledge_graph:process_data:46 - ERROR - 构建知识图谱失败: Expecting property name enclosed in double quotes: line 1 column 43 (char 42)
Traceback (most recent call last):
  File "/Users/lichen18/Documents/Project/demo/modules/navigation_knowledge_graph.py", line 40, in process_data
    self.visualization_buf = self.kg.generate_visualization()
  File "/Users/lichen18/Documents/Project/demo/Handle_csv/scenario/navigation/knowledge_graph.py", line 272, in generate_visualization
    net.set_options("""
  File "/Users/lichen18/miniforge3/envs/ic/lib/python3.9/site-packages/pyvis/network.py", line 1006, in set_options
    self.options = self.options.set(options)
  File "/Users/lichen18/miniforge3/envs/ic/lib/python3.9/site-packages/pyvis/options.py", line 224, in set
    options = json.loads(options)
  File "/Users/lichen18/miniforge3/envs/ic/lib/python3.9/json/__init__.py", line 346, in loads
    return _default_decoder.decode(s)
  File "/Users/lichen18/miniforge3/envs/ic/lib/python3.9/json/decoder.py", line 337, in decode
    obj, end = self.raw_decode(s, idx=_w(s, 0).end())
  File "/Users/lichen18/miniforge3/envs/ic/lib/python3.9/json/decoder.py", line 353, in raw_decode
    obj, end = self.scan_once(s, idx)
json.decoder.JSONDecodeError: Expecting property name enclosed in double quotes: line 1 column 43 (char 42)
